#
# There is insufficient memory for the Java Runtime Environment to continue.
# Native memory allocation (malloc) failed to allocate 46080 bytes for Chunk::new
# Possible reasons:
#   The system is out of physical RAM or swap space
#   In 32 bit mode, the process size limit was hit
# Possible solutions:
#   Reduce memory load on the system
#   Increase physical memory or swap space
#   Check if swap backing store is full
#   Use 64 bit Java on a 64 bit OS
#   Decrease Java heap size (-Xmx/-Xms)
#   Decrease number of Java threads
#   Decrease Java thread stack sizes (-Xss)
#   Set larger code cache with -XX:ReservedCodeCacheSize=
# This output file may be truncated or incomplete.
#
#  Out of Memory Error (allocation.cpp:390), pid=15224, tid=0x0000000000001e70
#
# JRE version: Java(TM) SE Runtime Environment (8.0_131-b11) (build 1.8.0_131-b11)
# Java VM: Java HotSpot(TM) 64-Bit Server VM (25.131-b11 mixed mode windows-amd64 compressed oops)
# Failed to write core dump. Minidumps are not enabled by default on client versions of Windows
#

---------------  T H R E A D  ---------------

Current thread (0x00000000029a2800):  JavaThread "main" [_thread_in_native, id=7792, stack(0x0000000002880000,0x0000000002980000)]

Stack: [0x0000000002880000,0x0000000002980000]
[error occurred during error reporting (printing stack bounds), id 0xc0000005]

Native frames: (J=compiled Java code, j=interpreted, Vv=VM code, C=native code)

Java frames: (J=compiled Java code, j=interpreted, Vv=VM code)
J 805  java.lang.ClassLoader.findBootstrapClass(Ljava/lang/String;)Ljava/lang/Class; (0 bytes) @ 0x0000000002e8abcf [0x0000000002e8ab80+0x4f]
J 549 C1 java.lang.ClassLoader.loadClass(Ljava/lang/String;Z)Ljava/lang/Class; (122 bytes) @ 0x0000000002e124fc [0x0000000002e12260+0x29c]
J 549 C1 java.lang.ClassLoader.loadClass(Ljava/lang/String;Z)Ljava/lang/Class; (122 bytes) @ 0x0000000002e124b4 [0x0000000002e12260+0x254]
J 613 C1 sun.misc.Launcher$AppClassLoader.loadClass(Ljava/lang/String;Z)Ljava/lang/Class; (85 bytes) @ 0x0000000002e32284 [0x0000000002e31fa0+0x2e4]
J 612 C1 java.lang.ClassLoader.loadClass(Ljava/lang/String;)Ljava/lang/Class; (7 bytes) @ 0x0000000002e31c64 [0x0000000002e31c20+0x44]
v  ~StubRoutines::call_stub
j  org.springframework.core.ReactiveAdapterRegistry$ReactorRegistrar.registerAdapters(Lorg/springframework/core/ReactiveAdapterRegistry;)V+73
j  org.springframework.core.ReactiveAdapterRegistry.<init>()V+41
j  org.springframework.web.reactive.config.WebFluxConfigurationSupport.webFluxAdapterRegistry()Lorg/springframework/core/ReactiveAdapterRegistry;+4
j  org.springframework.boot.autoconfigure.web.reactive.WebFluxAutoConfiguration$EnableWebFluxConfiguration$$EnhancerBySpringCGLIB$$1d0d14a.CGLIB$webFluxAdapterRegistry$29()Lorg/springframework/core/ReactiveAdapterRegistry;+1
j  org.springframework.boot.autoconfigure.web.reactive.WebFluxAutoConfiguration$EnableWebFluxConfiguration$$EnhancerBySpringCGLIB$$1d0d14a$$FastClassBySpringCGLIB$$bc28b885.invoke(ILjava/lang/Object;[Ljava/lang/Object;)Ljava/lang/Object;+435
j  org.springframework.cglib.proxy.MethodProxy.invokeSuper(Ljava/lang/Object;[Ljava/lang/Object;)Ljava/lang/Object;+19
j  org.springframework.context.annotation.ConfigurationClassEnhancer$BeanMethodInterceptor.intercept(Ljava/lang/Object;Ljava/lang/reflect/Method;[Ljava/lang/Object;Lorg/springframework/cglib/proxy/MethodProxy;)Ljava/lang/Object;+207
j  org.springframework.boot.autoconfigure.web.reactive.WebFluxAutoConfiguration$EnableWebFluxConfiguration$$EnhancerBySpringCGLIB$$1d0d14a.webFluxAdapterRegistry()Lorg/springframework/core/ReactiveAdapterRegistry;+31
v  ~StubRoutines::call_stub
J 2377  sun.reflect.NativeMethodAccessorImpl.invoke0(Ljava/lang/reflect/Method;Ljava/lang/Object;[Ljava/lang/Object;)Ljava/lang/Object; (0 bytes) @ 0x0000000003131bff [0x0000000003131b80+0x7f]
J 2376 C1 sun.reflect.NativeMethodAccessorImpl.invoke(Ljava/lang/Object;[Ljava/lang/Object;)Ljava/lang/Object; (104 bytes) @ 0x000000000313261c [0x00000000031322a0+0x37c]
J 2023 C1 sun.reflect.DelegatingMethodAccessorImpl.invoke(Ljava/lang/Object;[Ljava/lang/Object;)Ljava/lang/Object; (10 bytes) @ 0x00000000030593e4 [0x00000000030593a0+0x44]
J 2022 C1 java.lang.reflect.Method.invoke(Ljava/lang/Object;[Ljava/lang/Object;)Ljava/lang/Object; (62 bytes) @ 0x0000000003059014 [0x0000000003058f20+0xf4]
j  org.springframework.beans.factory.support.SimpleInstantiationStrategy.instantiate(Lorg/springframework/beans/factory/support/RootBeanDefinition;Ljava/lang/String;Lorg/springframework/beans/factory/BeanFactory;Ljava/lang/Object;Ljava/lang/reflect/Method;[Ljava/lang/Object;)Ljava/lang/Object;+50
j  org.springframework.beans.factory.support.ConstructorResolver.instantiate(Ljava/lang/String;Lorg/springframework/beans/factory/support/RootBeanDefinition;Ljava/lang/Object;Ljava/lang/reflect/Method;[Ljava/lang/Object;)Ljava/lang/Object;+48
J 3554 C1 org.springframework.beans.factory.support.ConstructorResolver.instantiateUsingFactoryMethod(Ljava/lang/String;Lorg/springframework/beans/factory/support/RootBeanDefinition;[Ljava/lang/Object;)Lorg/springframework/beans/BeanWrapper; (1488 bytes) @ 0x000000000330b20c [0x0000000003308640+0x2bcc]
j  org.springframework.beans.factory.support.AbstractAutowireCapableBeanFactory.instantiateUsingFactoryMethod(Ljava/lang/String;Lorg/springframework/beans/factory/support/RootBeanDefinition;[Ljava/lang/Object;)Lorg/springframework/beans/BeanWrapper;+11
j  org.springframework.beans.factory.support.AbstractAutowireCapableBeanFactory.createBeanInstance(Ljava/lang/String;Lorg/springframework/beans/factory/support/RootBeanDefinition;[Ljava/lang/Object;)Lorg/springframework/beans/BeanWrapper;+101
j  org.springframework.beans.factory.support.AbstractAutowireCapableBeanFactory.doCreateBean(Ljava/lang/String;Lorg/springframework/beans/factory/support/RootBeanDefinition;[Ljava/lang/Object;)Ljava/lang/Object;+34
j  org.springframework.beans.factory.support.AbstractAutowireCapableBeanFactory.createBean(Ljava/lang/String;Lorg/springframework/beans/factory/support/RootBeanDefinition;[Ljava/lang/Object;)Ljava/lang/Object;+169
j  org.springframework.beans.factory.support.AbstractBeanFactory.lambda$doGetBean$0(Ljava/lang/String;Lorg/springframework/beans/factory/support/RootBeanDefinition;[Ljava/lang/Object;)Ljava/lang/Object;+4
j  org.springframework.beans.factory.support.AbstractBeanFactory$$Lambda$143.getObject()Ljava/lang/Object;+16
j  org.springframework.beans.factory.support.DefaultSingletonBeanRegistry.getSingleton(Ljava/lang/String;Lorg/springframework/beans/factory/ObjectFactory;)Ljava/lang/Object;+132
J 2325 C1 org.springframework.beans.factory.support.AbstractBeanFactory.doGetBean(Ljava/lang/String;Ljava/lang/Class;[Ljava/lang/Object;Z)Ljava/lang/Object; (833 bytes) @ 0x00000000031164cc [0x0000000003115f00+0x5cc]
J 3456 C1 org.springframework.beans.factory.support.AbstractBeanFactory.getBean(Ljava/lang/String;)Ljava/lang/Object; (9 bytes) @ 0x00000000032e358c [0x00000000032e3540+0x4c]
j  org.springframework.context.annotation.ConfigurationClassEnhancer$BeanMethodInterceptor.resolveBeanReference(Ljava/lang/reflect/Method;[Ljava/lang/Object;Lorg/springframework/beans/factory/config/ConfigurableBeanFactory;Ljava/lang/String;)Ljava/lang/Object;+116
j  org.springframework.context.annotation.ConfigurationClassEnhancer$BeanMethodInterceptor.intercept(Ljava/lang/Object;Ljava/lang/reflect/Method;[Ljava/lang/Object;Lorg/springframework/cglib/proxy/MethodProxy;)Ljava/lang/Object;+218
j  org.springframework.boot.autoconfigure.web.reactive.WebFluxAutoConfiguration$EnableWebFluxConfiguration$$EnhancerBySpringCGLIB$$1d0d14a.webFluxAdapterRegistry()Lorg/springframework/core/ReactiveAdapterRegistry;+31
j  org.springframework.web.reactive.config.WebFluxConfigurationSupport.requestMappingHandlerAdapter()Lorg/springframework/web/reactive/result/method/annotation/RequestMappingHandlerAdapter;+28
j  org.springframework.boot.autoconfigure.web.reactive.WebFluxAutoConfiguration$EnableWebFluxConfiguration$$EnhancerBySpringCGLIB$$1d0d14a.CGLIB$requestMappingHandlerAdapter$25()Lorg/springframework/web/reactive/result/method/annotation/RequestMappingHandlerAdapter;+1
j  org.springframework.boot.autoconfigure.web.reactive.WebFluxAutoConfiguration$EnableWebFluxConfiguration$$EnhancerBySpringCGLIB$$1d0d14a$$FastClassBySpringCGLIB$$bc28b885.invoke(ILjava/lang/Object;[Ljava/lang/Object;)Ljava/lang/Object;+363
j  org.springframework.cglib.proxy.MethodProxy.invokeSuper(Ljava/lang/Object;[Ljava/lang/Object;)Ljava/lang/Object;+19
j  org.springframework.context.annotation.ConfigurationClassEnhancer$BeanMethodInterceptor.intercept(Ljava/lang/Object;Ljava/lang/reflect/Method;[Ljava/lang/Object;Lorg/springframework/cglib/proxy/MethodProxy;)Ljava/lang/Object;+207
j  org.springframework.boot.autoconfigure.web.reactive.WebFluxAutoConfiguration$EnableWebFluxConfiguration$$EnhancerBySpringCGLIB$$1d0d14a.requestMappingHandlerAdapter()Lorg/springframework/web/reactive/result/method/annotation/RequestMappingHandlerAdapter;+31
v  ~StubRoutines::call_stub
J 2377  sun.reflect.NativeMethodAccessorImpl.invoke0(Ljava/lang/reflect/Method;Ljava/lang/Object;[Ljava/lang/Object;)Ljava/lang/Object; (0 bytes) @ 0x0000000003131bff [0x0000000003131b80+0x7f]
J 2376 C1 sun.reflect.NativeMethodAccessorImpl.invoke(Ljava/lang/Object;[Ljava/lang/Object;)Ljava/lang/Object; (104 bytes) @ 0x000000000313261c [0x00000000031322a0+0x37c]
J 2023 C1 sun.reflect.DelegatingMethodAccessorImpl.invoke(Ljava/lang/Object;[Ljava/lang/Object;)Ljava/lang/Object; (10 bytes) @ 0x00000000030593e4 [0x00000000030593a0+0x44]
J 2022 C1 java.lang.reflect.Method.invoke(Ljava/lang/Object;[Ljava/lang/Object;)Ljava/lang/Object; (62 bytes) @ 0x0000000003059014 [0x0000000003058f20+0xf4]
j  org.springframework.beans.factory.support.SimpleInstantiationStrategy.instantiate(Lorg/springframework/beans/factory/support/RootBeanDefinition;Ljava/lang/String;Lorg/springframework/beans/factory/BeanFactory;Ljava/lang/Object;Ljava/lang/reflect/Method;[Ljava/lang/Object;)Ljava/lang/Object;+50
j  org.springframework.beans.factory.support.ConstructorResolver.instantiate(Ljava/lang/String;Lorg/springframework/beans/factory/support/RootBeanDefinition;Ljava/lang/Object;Ljava/lang/reflect/Method;[Ljava/lang/Object;)Ljava/lang/Object;+48
J 3554 C1 org.springframework.beans.factory.support.ConstructorResolver.instantiateUsingFactoryMethod(Ljava/lang/String;Lorg/springframework/beans/factory/support/RootBeanDefinition;[Ljava/lang/Object;)Lorg/springframework/beans/BeanWrapper; (1488 bytes) @ 0x000000000330b20c [0x0000000003308640+0x2bcc]
j  org.springframework.beans.factory.support.AbstractAutowireCapableBeanFactory.instantiateUsingFactoryMethod(Ljava/lang/String;Lorg/springframework/beans/factory/support/RootBeanDefinition;[Ljava/lang/Object;)Lorg/springframework/beans/BeanWrapper;+11
j  org.springframework.beans.factory.support.AbstractAutowireCapableBeanFactory.createBeanInstance(Ljava/lang/String;Lorg/springframework/beans/factory/support/RootBeanDefinition;[Ljava/lang/Object;)Lorg/springframework/beans/BeanWrapper;+101
j  org.springframework.beans.factory.support.AbstractAutowireCapableBeanFactory.doCreateBean(Ljava/lang/String;Lorg/springframework/beans/factory/support/RootBeanDefinition;[Ljava/lang/Object;)Ljava/lang/Object;+34
j  org.springframework.beans.factory.support.AbstractAutowireCapableBeanFactory.createBean(Ljava/lang/String;Lorg/springframework/beans/factory/support/RootBeanDefinition;[Ljava/lang/Object;)Ljava/lang/Object;+169
j  org.springframework.beans.factory.support.AbstractBeanFactory.lambda$doGetBean$0(Ljava/lang/String;Lorg/springframework/beans/factory/support/RootBeanDefinition;[Ljava/lang/Object;)Ljava/lang/Object;+4
j  org.springframework.beans.factory.support.AbstractBeanFactory$$Lambda$143.getObject()Ljava/lang/Object;+16
j  org.springframework.beans.factory.support.DefaultSingletonBeanRegistry.getSingleton(Ljava/lang/String;Lorg/springframework/beans/factory/ObjectFactory;)Ljava/lang/Object;+132
J 2325 C1 org.springframework.beans.factory.support.AbstractBeanFactory.doGetBean(Ljava/lang/String;Ljava/lang/Class;[Ljava/lang/Object;Z)Ljava/lang/Object; (833 bytes) @ 0x00000000031164cc [0x0000000003115f00+0x5cc]
J 3456 C1 org.springframework.beans.factory.support.AbstractBeanFactory.getBean(Ljava/lang/String;)Ljava/lang/Object; (9 bytes) @ 0x00000000032e358c [0x00000000032e3540+0x4c]
j  org.springframework.beans.factory.support.DefaultListableBeanFactory.getBeansOfType(Ljava/lang/Class;ZZ)Ljava/util/Map;+50
j  org.springframework.context.support.AbstractApplicationContext.getBeansOfType(Ljava/lang/Class;ZZ)Ljava/util/Map;+11
j  org.springframework.beans.factory.BeanFactoryUtils.beansOfTypeIncludingAncestors(Lorg/springframework/beans/factory/ListableBeanFactory;Ljava/lang/Class;ZZ)Ljava/util/Map;+22
j  org.springframework.web.reactive.DispatcherHandler.initStrategies(Lorg/springframework/context/ApplicationContext;)V+40
j  org.springframework.web.reactive.DispatcherHandler.setApplicationContext(Lorg/springframework/context/ApplicationContext;)V+2
j  org.springframework.context.support.ApplicationContextAwareProcessor.invokeAwareInterfaces(Ljava/lang/Object;)V+127
j  org.springframework.context.support.ApplicationContextAwareProcessor.postProcessBeforeInitialization(Ljava/lang/Object;Ljava/lang/String;)Ljava/lang/Object;+86
j  org.springframework.beans.factory.support.AbstractAutowireCapableBeanFactory.applyBeanPostProcessorsBeforeInitialization(Ljava/lang/Object;Ljava/lang/String;)Ljava/lang/Object;+39
j  org.springframework.beans.factory.support.AbstractAutowireCapableBeanFactory.initializeBean(Ljava/lang/String;Ljava/lang/Object;Lorg/springframework/beans/factory/support/RootBeanDefinition;)Ljava/lang/Object;+49
j  org.springframework.beans.factory.support.AbstractAutowireCapableBeanFactory.doCreateBean(Ljava/lang/String;Lorg/springframework/beans/factory/support/RootBeanDefinition;[Ljava/lang/Object;)Ljava/lang/Object;+245
j  org.springframework.beans.factory.support.AbstractAutowireCapableBeanFactory.createBean(Ljava/lang/String;Lorg/springframework/beans/factory/support/RootBeanDefinition;[Ljava/lang/Object;)Ljava/lang/Object;+169
j  org.springframework.beans.factory.support.AbstractBeanFactory.lambda$doGetBean$0(Ljava/lang/String;Lorg/springframework/beans/factory/support/RootBeanDefinition;[Ljava/lang/Object;)Ljava/lang/Object;+4
j  org.springframework.beans.factory.support.AbstractBeanFactory$$Lambda$143.getObject()Ljava/lang/Object;+16
j  org.springframework.beans.factory.support.DefaultSingletonBeanRegistry.getSingleton(Ljava/lang/String;Lorg/springframework/beans/factory/ObjectFactory;)Ljava/lang/Object;+132
J 2325 C1 org.springframework.beans.factory.support.AbstractBeanFactory.doGetBean(Ljava/lang/String;Ljava/lang/Class;[Ljava/lang/Object;Z)Ljava/lang/Object; (833 bytes) @ 0x00000000031164cc [0x0000000003115f00+0x5cc]
J 3456 C1 org.springframework.beans.factory.support.AbstractBeanFactory.getBean(Ljava/lang/String;)Ljava/lang/Object; (9 bytes) @ 0x00000000032e358c [0x00000000032e3540+0x4c]
j  org.springframework.beans.factory.support.DefaultListableBeanFactory.preInstantiateSingletons()V+248
j  org.springframework.context.support.AbstractApplicationContext.finishBeanFactoryInitialization(Lorg/springframework/beans/factory/config/ConfigurableListableBeanFactory;)V+124
j  org.springframework.context.support.AbstractApplicationContext.refresh()V+54
j  org.springframework.boot.web.reactive.context.ReactiveWebServerApplicationContext.refresh()V+1
j  org.springframework.boot.SpringApplication.refresh(Lorg/springframework/context/ApplicationContext;)V+10
j  org.springframework.boot.SpringApplication.refreshContext(Lorg/springframework/context/ConfigurableApplicationContext;)V+2
j  org.springframework.boot.SpringApplication.run([Ljava/lang/String;)Lorg/springframework/context/ConfigurableApplicationContext;+118
j  org.springframework.boot.SpringApplication.run([Ljava/lang/Class;[Ljava/lang/String;)Lorg/springframework/context/ConfigurableApplicationContext;+9
j  org.springframework.boot.SpringApplication.run(Ljava/lang/Class;[Ljava/lang/String;)Lorg/springframework/context/ConfigurableApplicationContext;+9
j  com.yuan.GuliGatewayApplication.main([Ljava/lang/String;)V+3
v  ~StubRoutines::call_stub

---------------  P R O C E S S  ---------------

Java Threads: ( => current thread )
  0x00000000184ff000 JavaThread "spring.cloud.inetutils" daemon [_thread_blocked, id=11240, stack(0x0000000019fb0000,0x000000001a0b0000)]
  0x0000000017df2800 JavaThread "Keep-Alive-Timer" daemon [_thread_blocked, id=15368, stack(0x0000000019ab0000,0x0000000019bb0000)]
  0x0000000017dce800 JavaThread "com.alibaba.nacos.client.Worker.fixed-192.168.10.1_8848" daemon [_thread_blocked, id=19680, stack(0x00000000198b0000,0x00000000199b0000)]
  0x0000000017daa000 JavaThread "Timer-0" daemon [_thread_blocked, id=13924, stack(0x00000000197b0000,0x00000000198b0000)]
  0x0000000017d80000 JavaThread "logback-1" daemon [_thread_blocked, id=14072, stack(0x0000000018db0000,0x0000000018eb0000)]
  0x0000000017c9f000 JavaThread "RMI TCP Connection(3)-192.168.56.1" daemon [_thread_in_native, id=1440, stack(0x00000000175e0000,0x00000000176e0000)]
  0x0000000016af9800 JavaThread "RMI Scheduler(0)" daemon [_thread_blocked, id=12796, stack(0x0000000018cb0000,0x0000000018db0000)]
  0x0000000017945800 JavaThread "RMI TCP Connection(2)-192.168.56.1" daemon [_thread_in_native, id=20572, stack(0x0000000018bb0000,0x0000000018cb0000)]
  0x00000000167a3800 JavaThread "RMI TCP Accept-0" daemon [_thread_in_native, id=16024, stack(0x0000000017130000,0x0000000017230000)]
  0x0000000016581000 JavaThread "Service Thread" daemon [_thread_blocked, id=13644, stack(0x0000000017010000,0x0000000017110000)]
  0x00000000164df800 JavaThread "C1 CompilerThread3" daemon [_thread_blocked, id=20588, stack(0x0000000016f10000,0x0000000017010000)]
  0x00000000164d6800 JavaThread "C2 CompilerThread2" daemon [_thread_blocked, id=12008, stack(0x0000000016e10000,0x0000000016f10000)]
  0x000000001512e000 JavaThread "C2 CompilerThread1" daemon [_thread_blocked, id=11220, stack(0x0000000016d10000,0x0000000016e10000)]
  0x0000000016414000 JavaThread "C2 CompilerThread0" daemon [_thread_blocked, id=19948, stack(0x0000000016c10000,0x0000000016d10000)]
  0x0000000016437800 JavaThread "Monitor Ctrl-Break" daemon [_thread_in_native, id=12492, stack(0x0000000016b10000,0x0000000016c10000)]
  0x0000000014e0d800 JavaThread "Attach Listener" daemon [_thread_blocked, id=19180, stack(0x0000000016200000,0x0000000016300000)]
  0x0000000014db6000 JavaThread "Signal Dispatcher" daemon [_thread_blocked, id=6560, stack(0x0000000016100000,0x0000000016200000)]
  0x00000000136c6800 JavaThread "Finalizer" daemon [_thread_blocked, id=6072, stack(0x0000000015ff0000,0x00000000160f0000)]
  0x00000000136bf800 JavaThread "Reference Handler" daemon [_thread_blocked, id=19960, stack(0x0000000015ef0000,0x0000000015ff0000)]
=>0x00000000029a2800 JavaThread "main" [_thread_in_native, id=7792, stack(0x0000000002880000,0x0000000002980000)]

Other Threads:
  0x0000000014d72800 VMThread [stack: 0x0000000015df0000,0x0000000015ef0000] [id=9364]
  0x00000000167b3000 WatcherThread [stack: 0x0000000017230000,0x0000000017330000] [id=17588]

VM state:not at safepoint (normal execution)

VM Mutex/Monitor currently owned by a thread: None

Heap:
 PSYoungGen      total 18432K, used 17016K [0x00000000fe200000, 0x00000000fff00000, 0x0000000100000000)
  eden space 16384K, 94% used [0x00000000fe200000,0x00000000ff119858,0x00000000ff200000)
  from space 2048K, 75% used [0x00000000ff200000,0x00000000ff3848c0,0x00000000ff400000)
  to   space 6656K, 0% used [0x00000000ff880000,0x00000000ff880000,0x00000000fff00000)
 ParOldGen       total 38400K, used 14332K [0x00000000fa600000, 0x00000000fcb80000, 0x00000000fe200000)
  object space 38400K, 37% used [0x00000000fa600000,0x00000000fb3ff3b0,0x00000000fcb80000)
 Metaspace       used 31844K, capacity 33326K, committed 33408K, reserved 1077248K
  class space    used 4354K, capacity 4661K, committed 4736K, reserved 1048576K

Card table byte_map: [0x0000000000bc0000,0x0000000000bf0000] byte_map_base: 0x00000000003ed000

Marking Bits: (ParMarkBitMap*) 0x000000006f69c720
 Begin Bits: [0x0000000012a00000, 0x0000000012b68000)
 End Bits:   [0x0000000012b68000, 0x0000000012cd0000)

Polling page: 0x0000000000570000

CodeCache: size=245760Kb used=6999Kb max_used=6999Kb free=238760Kb
 bounds [0x0000000002c40000, 0x0000000003320000, 0x0000000011c40000]
 total_blobs=4008 nmethods=3562 adapters=358
 compilation: enabled

Compilation events (10 events):
Event: 5.104 Thread 0x00000000164df800 3558       1       jdk.internal.org.objectweb.asm.MethodVisitor::visitEnd (15 bytes)
Event: 5.104 Thread 0x00000000164df800 nmethod 3558 0x0000000003314c90 code [0x0000000003314de0, 0x0000000003314f28]
Event: 5.104 Thread 0x00000000164df800 3559       1       java.util.concurrent.atomic.AtomicInteger::incrementAndGet (14 bytes)
Event: 5.104 Thread 0x00000000164df800 nmethod 3559 0x0000000003314f90 code [0x00000000033150e0, 0x00000000033151f0]
Event: 5.104 Thread 0x00000000164df800 3560       1       org.springframework.util.MimeType::getType (5 bytes)
Event: 5.104 Thread 0x00000000164df800 nmethod 3560 0x0000000003315250 code [0x00000000033153a0, 0x00000000033154b0]
Event: 5.105 Thread 0x00000000164df800 3561       1       java.util.ArrayList$Itr::next (66 bytes)
Event: 5.105 Thread 0x00000000164df800 nmethod 3561 0x0000000003315510 code [0x00000000033156a0, 0x0000000003315928]
Event: 5.105 Thread 0x00000000164df800 3562       1       java.lang.ThreadLocal$ThreadLocalMap::cleanSomeSlots (60 bytes)
Event: 5.106 Thread 0x00000000164df800 nmethod 3562 0x0000000003315b50 code [0x0000000003315cc0, 0x0000000003315e88]

GC Heap History (10 events):
Event: 3.578 GC heap before
{Heap before GC invocations=16 (full 1):
 PSYoungGen      total 23040K, used 16638K [0x00000000fe200000, 0x0000000100000000, 0x0000000100000000)
  eden space 15360K, 100% used [0x00000000fe200000,0x00000000ff100000,0x00000000ff100000)
  from space 7680K, 16% used [0x00000000ff880000,0x00000000ff9bf840,0x0000000100000000)
  to   space 7680K, 0% used [0x00000000ff100000,0x00000000ff100000,0x00000000ff880000)
 ParOldGen       total 38400K, used 10820K [0x00000000fa600000, 0x00000000fcb80000, 0x00000000fe200000)
  object space 38400K, 28% used [0x00000000fa600000,0x00000000fb0913a0,0x00000000fcb80000)
 Metaspace       used 28226K, capacity 29290K, committed 29440K, reserved 1075200K
  class space    used 3825K, capacity 4071K, committed 4096K, reserved 1048576K
Event: 3.580 GC heap after
Heap after GC invocations=16 (full 1):
 PSYoungGen      total 23040K, used 1763K [0x00000000fe200000, 0x0000000100000000, 0x0000000100000000)
  eden space 15360K, 0% used [0x00000000fe200000,0x00000000fe200000,0x00000000ff100000)
  from space 7680K, 22% used [0x00000000ff100000,0x00000000ff2b8da0,0x00000000ff880000)
  to   space 7680K, 0% used [0x00000000ff880000,0x00000000ff880000,0x0000000100000000)
 ParOldGen       total 38400K, used 11604K [0x00000000fa600000, 0x00000000fcb80000, 0x00000000fe200000)
  object space 38400K, 30% used [0x00000000fa600000,0x00000000fb1553a0,0x00000000fcb80000)
 Metaspace       used 28226K, capacity 29290K, committed 29440K, reserved 1075200K
  class space    used 3825K, capacity 4071K, committed 4096K, reserved 1048576K
}
Event: 3.673 GC heap before
{Heap before GC invocations=17 (full 1):
 PSYoungGen      total 23040K, used 17123K [0x00000000fe200000, 0x0000000100000000, 0x0000000100000000)
  eden space 15360K, 100% used [0x00000000fe200000,0x00000000ff100000,0x00000000ff100000)
  from space 7680K, 22% used [0x00000000ff100000,0x00000000ff2b8da0,0x00000000ff880000)
  to   space 7680K, 0% used [0x00000000ff880000,0x00000000ff880000,0x0000000100000000)
 ParOldGen       total 38400K, used 11604K [0x00000000fa600000, 0x00000000fcb80000, 0x00000000fe200000)
  object space 38400K, 30% used [0x00000000fa600000,0x00000000fb1553a0,0x00000000fcb80000)
 Metaspace       used 29073K, capacity 30230K, committed 30336K, reserved 1075200K
  class space    used 3942K, capacity 4191K, committed 4224K, reserved 1048576K
Event: 3.675 GC heap after
Heap after GC invocations=17 (full 1):
 PSYoungGen      total 22016K, used 1695K [0x00000000fe200000, 0x00000000fff00000, 0x0000000100000000)
  eden space 15360K, 0% used [0x00000000fe200000,0x00000000fe200000,0x00000000ff100000)
  from space 6656K, 25% used [0x00000000ff880000,0x00000000ffa27c60,0x00000000fff00000)
  to   space 7168K, 0% used [0x00000000ff100000,0x00000000ff100000,0x00000000ff800000)
 ParOldGen       total 38400K, used 12444K [0x00000000fa600000, 0x00000000fcb80000, 0x00000000fe200000)
  object space 38400K, 32% used [0x00000000fa600000,0x00000000fb2273a0,0x00000000fcb80000)
 Metaspace       used 29073K, capacity 30230K, committed 30336K, reserved 1075200K
  class space    used 3942K, capacity 4191K, committed 4224K, reserved 1048576K
}
Event: 4.801 GC heap before
{Heap before GC invocations=18 (full 1):
 PSYoungGen      total 22016K, used 17055K [0x00000000fe200000, 0x00000000fff00000, 0x0000000100000000)
  eden space 15360K, 100% used [0x00000000fe200000,0x00000000ff100000,0x00000000ff100000)
  from space 6656K, 25% used [0x00000000ff880000,0x00000000ffa27c60,0x00000000fff00000)
  to   space 7168K, 0% used [0x00000000ff100000,0x00000000ff100000,0x00000000ff800000)
 ParOldGen       total 38400K, used 12444K [0x00000000fa600000, 0x00000000fcb80000, 0x00000000fe200000)
  object space 38400K, 32% used [0x00000000fa600000,0x00000000fb2273a0,0x00000000fcb80000)
 Metaspace       used 29899K, capacity 31104K, committed 31232K, reserved 1077248K
  class space    used 4055K, capacity 4324K, committed 4352K, reserved 1048576K
Event: 4.804 GC heap after
Heap after GC invocations=18 (full 1):
 PSYoungGen      total 22528K, used 1267K [0x00000000fe200000, 0x0000000100000000, 0x0000000100000000)
  eden space 15360K, 0% used [0x00000000fe200000,0x00000000fe200000,0x00000000ff100000)
  from space 7168K, 17% used [0x00000000ff100000,0x00000000ff23ccd8,0x00000000ff800000)
  to   space 7168K, 0% used [0x00000000ff900000,0x00000000ff900000,0x0000000100000000)
 ParOldGen       total 38400K, used 13468K [0x00000000fa600000, 0x00000000fcb80000, 0x00000000fe200000)
  object space 38400K, 35% used [0x00000000fa600000,0x00000000fb3273a0,0x00000000fcb80000)
 Metaspace       used 29899K, capacity 31104K, committed 31232K, reserved 1077248K
  class space    used 4055K, capacity 4324K, committed 4352K, reserved 1048576K
}
Event: 4.899 GC heap before
{Heap before GC invocations=19 (full 1):
 PSYoungGen      total 22528K, used 16627K [0x00000000fe200000, 0x0000000100000000, 0x0000000100000000)
  eden space 15360K, 100% used [0x00000000fe200000,0x00000000ff100000,0x00000000ff100000)
  from space 7168K, 17% used [0x00000000ff100000,0x00000000ff23ccd8,0x00000000ff800000)
  to   space 7168K, 0% used [0x00000000ff900000,0x00000000ff900000,0x0000000100000000)
 ParOldGen       total 38400K, used 13468K [0x00000000fa600000, 0x00000000fcb80000, 0x00000000fe200000)
  object space 38400K, 35% used [0x00000000fa600000,0x00000000fb3273a0,0x00000000fcb80000)
 Metaspace       used 30383K, capacity 31690K, committed 31872K, reserved 1077248K
  class space    used 4136K, capacity 4425K, committed 4480K, reserved 1048576K
Event: 4.900 GC heap after
Heap after GC invocations=19 (full 1):
 PSYoungGen      total 23552K, used 942K [0x00000000fe200000, 0x0000000100000000, 0x0000000100000000)
  eden space 16384K, 0% used [0x00000000fe200000,0x00000000fe200000,0x00000000ff200000)
  from space 7168K, 13% used [0x00000000ff900000,0x00000000ff9eb928,0x0000000100000000)
  to   space 7168K, 0% used [0x00000000ff200000,0x00000000ff200000,0x00000000ff900000)
 ParOldGen       total 38400K, used 13988K [0x00000000fa600000, 0x00000000fcb80000, 0x00000000fe200000)
  object space 38400K, 36% used [0x00000000fa600000,0x00000000fb3a93b0,0x00000000fcb80000)
 Metaspace       used 30383K, capacity 31690K, committed 31872K, reserved 1077248K
  class space    used 4136K, capacity 4425K, committed 4480K, reserved 1048576K
}
Event: 5.011 GC heap before
{Heap before GC invocations=20 (full 1):
 PSYoungGen      total 23552K, used 17326K [0x00000000fe200000, 0x0000000100000000, 0x0000000100000000)
  eden space 16384K, 100% used [0x00000000fe200000,0x00000000ff200000,0x00000000ff200000)
  from space 7168K, 13% used [0x00000000ff900000,0x00000000ff9eb928,0x0000000100000000)
  to   space 7168K, 0% used [0x00000000ff200000,0x00000000ff200000,0x00000000ff900000)
 ParOldGen       total 38400K, used 13988K [0x00000000fa600000, 0x00000000fcb80000, 0x00000000fe200000)
  object space 38400K, 36% used [0x00000000fa600000,0x00000000fb3a93b0,0x00000000fcb80000)
 Metaspace       used 31233K, capacity 32546K, committed 32768K, reserved 1077248K
  class space    used 4257K, capacity 4539K, committed 4608K, reserved 1048576K
Event: 5.013 GC heap after
Heap after GC invocations=20 (full 1):
 PSYoungGen      total 18432K, used 1554K [0x00000000fe200000, 0x00000000fff00000, 0x0000000100000000)
  eden space 16384K, 0% used [0x00000000fe200000,0x00000000fe200000,0x00000000ff200000)
  from space 2048K, 75% used [0x00000000ff200000,0x00000000ff3848c0,0x00000000ff400000)
  to   space 6656K, 0% used [0x00000000ff880000,0x00000000ff880000,0x00000000fff00000)
 ParOldGen       total 38400K, used 14332K [0x00000000fa600000, 0x00000000fcb80000, 0x00000000fe200000)
  object space 38400K, 37% used [0x00000000fa600000,0x00000000fb3ff3b0,0x00000000fcb80000)
 Metaspace       used 31233K, capacity 32546K, committed 32768K, reserved 1077248K
  class space    used 4257K, capacity 4539K, committed 4608K, reserved 1048576K
}

Deoptimization events (0 events):
No events

Internal exceptions (10 events):
Event: 5.087 Thread 0x00000000029a2800 Exception <a 'java/lang/ArrayIndexOutOfBoundsException'> (0x00000000feec47c8) thrown at [C:\re\workspace\8-2-build-windows-amd64-cygwin\jdk8u131\8869\hotspot\src\share\vm\runtime\sharedRuntime.cpp, line 605]
Event: 5.087 Thread 0x00000000029a2800 Exception <a 'java/lang/ArrayIndexOutOfBoundsException'> (0x00000000feec7188) thrown at [C:\re\workspace\8-2-build-windows-amd64-cygwin\jdk8u131\8869\hotspot\src\share\vm\runtime\sharedRuntime.cpp, line 605]
Event: 5.087 Thread 0x00000000029a2800 Exception <a 'java/lang/ArrayIndexOutOfBoundsException'> (0x00000000feec92e8) thrown at [C:\re\workspace\8-2-build-windows-amd64-cygwin\jdk8u131\8869\hotspot\src\share\vm\runtime\sharedRuntime.cpp, line 605]
Event: 5.087 Thread 0x00000000029a2800 Exception <a 'java/lang/ArrayIndexOutOfBoundsException'> (0x00000000feecb110) thrown at [C:\re\workspace\8-2-build-windows-amd64-cygwin\jdk8u131\8869\hotspot\src\share\vm\runtime\sharedRuntime.cpp, line 605]
Event: 5.088 Thread 0x00000000029a2800 Exception <a 'java/lang/ArrayIndexOutOfBoundsException'> (0x00000000feed1d30) thrown at [C:\re\workspace\8-2-build-windows-amd64-cygwin\jdk8u131\8869\hotspot\src\share\vm\runtime\sharedRuntime.cpp, line 605]
Event: 5.088 Thread 0x00000000029a2800 Exception <a 'java/lang/ArrayIndexOutOfBoundsException'> (0x00000000feed4fd0) thrown at [C:\re\workspace\8-2-build-windows-amd64-cygwin\jdk8u131\8869\hotspot\src\share\vm\runtime\sharedRuntime.cpp, line 605]
Event: 5.088 Thread 0x00000000029a2800 Exception <a 'java/lang/ArrayIndexOutOfBoundsException'> (0x00000000feed6ae8) thrown at [C:\re\workspace\8-2-build-windows-amd64-cygwin\jdk8u131\8869\hotspot\src\share\vm\runtime\sharedRuntime.cpp, line 605]
Event: 5.094 Thread 0x00000000029a2800 Exception <a 'java/lang/IncompatibleClassChangeError': Found class java.lang.Object, but interface was expected> (0x00000000fef5c748) thrown at [C:\re\workspace\8-2-build-windows-amd64-cygwin\jdk8u131\8869\hotspot\src\share\vm\interpreter\linkResolver.cpp
Event: 5.097 Thread 0x00000000029a2800 Exception <a 'java/lang/NoSuchMethodError': java.lang.Object.lambda$and$0(Ljava/util/function/Predicate;Ljava/lang/Object;)Z> (0x00000000fefaf060) thrown at [C:\re\workspace\8-2-build-windows-amd64-cygwin\jdk8u131\8869\hotspot\src\share\vm\interpreter\lin
Event: 5.106 Thread 0x00000000029a2800 Exception <a 'java/lang/IncompatibleClassChangeError': Found class java.lang.Object, but interface was expected> (0x00000000ff0c3fd0) thrown at [C:\re\workspace\8-2-build-windows-amd64-cygwin\jdk8u131\8869\hotspot\src\share\vm\interpreter\linkResolver.cpp

Events (10 events):
Event: 5.108 loading class reactor/core/publisher/Flux done
Event: 5.108 loading class org/reactivestreams/Publisher
Event: 5.108 loading class org/reactivestreams/Publisher done
Event: 5.108 loading class org/reactivestreams/Publisher
Event: 5.108 loading class org/reactivestreams/Publisher done
Event: 5.108 loading class org/reactivestreams/Publisher
Event: 5.108 loading class org/reactivestreams/Publisher done
Event: 5.108 loading class org/reactivestreams/Publisher
Event: 5.108 loading class org/reactivestreams/Publisher done
Event: 5.109 loading class java/util/concurrent/CompletableFuture


Dynamic libraries:
0x00007ff6b1190000 - 0x00007ff6b11c7000 	C:\Program Files\Java\jdk1.8.0_131\bin\java.exe
0x00007ffe0dd70000 - 0x00007ffe0df65000 	C:\WINDOWS\SYSTEM32\ntdll.dll
0x00007ffe0c160000 - 0x00007ffe0c21e000 	C:\WINDOWS\System32\KERNEL32.DLL
0x00007ffe0b910000 - 0x00007ffe0bbd8000 	C:\WINDOWS\System32\KERNELBASE.dll
0x00007ffe0be30000 - 0x00007ffe0bede000 	C:\WINDOWS\System32\ADVAPI32.dll
0x00007ffe0d4e0000 - 0x00007ffe0d57e000 	C:\WINDOWS\System32\msvcrt.dll
0x00007ffe0cb30000 - 0x00007ffe0cbcc000 	C:\WINDOWS\System32\sechost.dll
0x00007ffe0c9d0000 - 0x00007ffe0caf5000 	C:\WINDOWS\System32\RPCRT4.dll
0x00007ffe0bfc0000 - 0x00007ffe0c160000 	C:\WINDOWS\System32\USER32.dll
0x00007ffe0b890000 - 0x00007ffe0b8b2000 	C:\WINDOWS\System32\win32u.dll
0x00007ffe0bee0000 - 0x00007ffe0bf0a000 	C:\WINDOWS\System32\GDI32.dll
0x00007ffe0b490000 - 0x00007ffe0b59b000 	C:\WINDOWS\System32\gdi32full.dll
0x00007ffe0bbe0000 - 0x00007ffe0bc7d000 	C:\WINDOWS\System32\msvcp_win.dll
0x00007ffe0b5a0000 - 0x00007ffe0b6a0000 	C:\WINDOWS\System32\ucrtbase.dll
0x00007ffdebb70000 - 0x00007ffdebe0a000 	C:\WINDOWS\WinSxS\amd64_microsoft.windows.common-controls_6595b64144ccf1df_6.0.19041.1110_none_60b5254171f9507e\COMCTL32.dll
0x00007ffe0cb00000 - 0x00007ffe0cb30000 	C:\WINDOWS\System32\IMM32.DLL
0x000000006f720000 - 0x000000006f7f2000 	C:\Program Files\Java\jdk1.8.0_131\jre\bin\msvcr100.dll
0x000000006ee80000 - 0x000000006f71c000 	C:\Program Files\Java\jdk1.8.0_131\jre\bin\server\jvm.dll
0x00007ffe0d730000 - 0x00007ffe0d738000 	C:\WINDOWS\System32\PSAPI.DLL
0x00007ffdf5af0000 - 0x00007ffdf5af9000 	C:\WINDOWS\SYSTEM32\WSOCK32.dll
0x00007ffdedce0000 - 0x00007ffdedd07000 	C:\WINDOWS\SYSTEM32\WINMM.dll
0x00007ffe036e0000 - 0x00007ffe036ea000 	C:\WINDOWS\SYSTEM32\VERSION.dll
0x00007ffe0d000000 - 0x00007ffe0d06b000 	C:\WINDOWS\System32\WS2_32.dll
0x000000006ee70000 - 0x000000006ee7f000 	C:\Program Files\Java\jdk1.8.0_131\jre\bin\verify.dll
0x000000006ee40000 - 0x000000006ee69000 	C:\Program Files\Java\jdk1.8.0_131\jre\bin\java.dll
0x000000006edf0000 - 0x000000006ee13000 	C:\Program Files\Java\jdk1.8.0_131\jre\bin\instrument.dll
0x000000006ee20000 - 0x000000006ee36000 	C:\Program Files\Java\jdk1.8.0_131\jre\bin\zip.dll
0x00007ffe0c220000 - 0x00007ffe0c964000 	C:\WINDOWS\System32\SHELL32.dll
0x00007ffe095b0000 - 0x00007ffe09d44000 	C:\WINDOWS\SYSTEM32\windows.storage.dll
0x00007ffe0cbd0000 - 0x00007ffe0cf24000 	C:\WINDOWS\System32\combase.dll
0x00007ffe0af00000 - 0x00007ffe0af2c000 	C:\WINDOWS\SYSTEM32\Wldp.dll
0x00007ffe0bf10000 - 0x00007ffe0bfbd000 	C:\WINDOWS\System32\SHCORE.dll
0x00007ffe0c970000 - 0x00007ffe0c9c5000 	C:\WINDOWS\System32\shlwapi.dll
0x00007ffe0b3d0000 - 0x00007ffe0b3ef000 	C:\WINDOWS\SYSTEM32\profapi.dll
0x00007ffdf8ab0000 - 0x00007ffdf8aca000 	E:\Idea2019.3.3\IntelliJ IDEA 2019.3.3\bin\breakgen64.dll
0x000000006d000000 - 0x000000006d01a000 	C:\Program Files\Java\jdk1.8.0_131\jre\bin\net.dll
0x00007ffe0ac60000 - 0x00007ffe0acca000 	C:\WINDOWS\system32\mswsock.dll
0x00007ffe0a940000 - 0x00007ffe0aa0b000 	C:\WINDOWS\SYSTEM32\DNSAPI.dll
0x00007ffe0a900000 - 0x00007ffe0a93b000 	C:\WINDOWS\SYSTEM32\IPHLPAPI.DLL
0x00007ffe0cf30000 - 0x00007ffe0cf38000 	C:\WINDOWS\System32\NSI.dll
0x00007ffe041b0000 - 0x00007ffe041ba000 	C:\Windows\System32\rasadhlp.dll
0x00007ffe02010000 - 0x00007ffe0208f000 	C:\WINDOWS\System32\fwpuclnt.dll
0x00007ffe0bd30000 - 0x00007ffe0bd57000 	C:\WINDOWS\System32\bcrypt.dll
0x000000006ede0000 - 0x000000006eded000 	C:\Program Files\Java\jdk1.8.0_131\jre\bin\management.dll
0x000000006cfe0000 - 0x000000006cff1000 	C:\Program Files\Java\jdk1.8.0_131\jre\bin\nio.dll
0x00007ffe0ae60000 - 0x00007ffe0ae78000 	C:\WINDOWS\SYSTEM32\CRYPTSP.dll
0x00007ffe0a570000 - 0x00007ffe0a5a4000 	C:\WINDOWS\system32\rsaenh.dll
0x00007ffe0b390000 - 0x00007ffe0b3be000 	C:\WINDOWS\SYSTEM32\USERENV.dll
0x00007ffe0b800000 - 0x00007ffe0b882000 	C:\WINDOWS\System32\bcryptprimitives.dll
0x00007ffe0ae50000 - 0x00007ffe0ae5c000 	C:\WINDOWS\SYSTEM32\CRYPTBASE.dll
0x00007ffe04ae0000 - 0x00007ffe04af7000 	C:\WINDOWS\SYSTEM32\dhcpcsvc6.DLL
0x00007ffe04ac0000 - 0x00007ffe04add000 	C:\WINDOWS\SYSTEM32\dhcpcsvc.DLL
0x00007ffdf4b10000 - 0x00007ffdf4b27000 	C:\WINDOWS\system32\napinsp.dll
0x00007ffdf4ac0000 - 0x00007ffdf4adb000 	C:\WINDOWS\system32\pnrpnsp.dll
0x00007ffe05e80000 - 0x00007ffe05e95000 	C:\WINDOWS\system32\wshbth.dll
0x00007ffe06ff0000 - 0x00007ffe0700d000 	C:\WINDOWS\system32\NLAapi.dll
0x00007ffdf4910000 - 0x00007ffdf4922000 	C:\WINDOWS\System32\winrnr.dll

VM Arguments:
jvm_args: -Xmx90m -XX:TieredStopAtLevel=1 -Xverify:none -Dspring.output.ansi.enabled=always -Dcom.sun.management.jmxremote -Dspring.jmx.enabled=true -Dspring.liveBeansView.mbeanDomain -Dspring.application.admin.enabled=true -javaagent:E:\Idea2019.3.3\IntelliJ IDEA 2019.3.3\lib\idea_rt.jar=54207:E:\Idea2019.3.3\IntelliJ IDEA 2019.3.3\bin -Dfile.encoding=UTF-8 
java_command: com.yuan.GuliGatewayApplication
java_class_path (initial): C:\Program Files\Java\jdk1.8.0_131\jre\lib\charsets.jar;C:\Program Files\Java\jdk1.8.0_131\jre\lib\deploy.jar;C:\Program Files\Java\jdk1.8.0_131\jre\lib\ext\access-bridge-64.jar;C:\Program Files\Java\jdk1.8.0_131\jre\lib\ext\cldrdata.jar;C:\Program Files\Java\jdk1.8.0_131\jre\lib\ext\dnsns.jar;C:\Program Files\Java\jdk1.8.0_131\jre\lib\ext\jaccess.jar;C:\Program Files\Java\jdk1.8.0_131\jre\lib\ext\jfxrt.jar;C:\Program Files\Java\jdk1.8.0_131\jre\lib\ext\localedata.jar;C:\Program Files\Java\jdk1.8.0_131\jre\lib\ext\nashorn.jar;C:\Program Files\Java\jdk1.8.0_131\jre\lib\ext\sunec.jar;C:\Program Files\Java\jdk1.8.0_131\jre\lib\ext\sunjce_provider.jar;C:\Program Files\Java\jdk1.8.0_131\jre\lib\ext\sunmscapi.jar;C:\Program Files\Java\jdk1.8.0_131\jre\lib\ext\sunpkcs11.jar;C:\Program Files\Java\jdk1.8.0_131\jre\lib\ext\zipfs.jar;C:\Program Files\Java\jdk1.8.0_131\jre\lib\javaws.jar;C:\Program Files\Java\jdk1.8.0_131\jre\lib\jce.jar;C:\Program Files\Java\jdk1.8.0_131\jre\lib\jfr.jar;C:\Program Files\Java\jdk1.8.0_131\jre\lib\jfxswt.jar;C:\Program Files\Java\jdk1.8.0_131\jre\lib\jsse.jar;C:\Program Files\Java\jdk1.8.0_131\jre\lib\management-agent.jar;C:\Program Files\Java\jdk1.8.0_131\jre\lib\plugin.jar;C:\Program Files\Java\jdk1.8.0_131\jre\lib\resources.jar;C:\Program Files\Java\jdk1.8.0_131\jre\lib\rt.jar;E:\gu-listore\guli-gateway\target\classes;C:\Users\666\.m2\repository\org\springframework\boot\spring-boot-starter\2.1.8.RELEASE\spring-boot-starter-2.1.8.RELEASE.jar;C:\Users\666\.m2\repository\org\springframework\boot\spring-boot\2.1.8.RELEASE\spring-boot-2.1.8.RELEASE.jar;C:\Users\666\.m2\repository\org\springframework\spring-context\5.1.9.RELEASE\spring-context-5.1.9.RELEASE.jar;C:\Users\666\.m2\repository\org\springframework\spring-aop\5.1.9.RELEASE\spring-aop-5.1.9.RELEASE.jar;C:\Users\666\.m2\repository\org\springframework\spring-expression\5.1.9.RELEASE\spring-expression-5.1.9.RELEASE.jar;C:\Users\666\.m2\repository\org\springframewo
Launcher Type: SUN_STANDARD

Environment Variables:
JAVA_HOME=C:\Program Files\Java\jdk1.8.0_131
CLASSPATH=.;%JAVA_HOME%\lib\tools.jar;%JAVA_HOME%\lib\dt.jar
PATH=C:\ProgramData\Oracle\Java\javapath;D:\vm16\bin\;C:\Program Files\Microsoft MPI\Bin\;C:\Windows\system32;C:\Windows;C:\Windows\System32\Wbem;C:\Windows\System32\WindowsPowerShell\v1.0\;C:\Windows\System32\OpenSSH\;C:\Program Files (x86)\NVIDIA Corporation\PhysX\Common;C:\Program Files\NVIDIA Corporation\NVIDIA NvDLISR;E:\bin;D:\140\Tools\Binn\;E:\140\Tools\Binn\;D:\140\DTS\Binn\;E:\140\DTS\Binn\;E:\Client SDK\ODBC\130\Tools\Binn\;E:\MYSQL\mysql-8.0.21-winx64\bin;D:\Program Files\MySQL\MySQL Server 5.5\New Folder\bin;D:\Git\cmd;C:\WINDOWS\system32;C:\WINDOWS;C:\WINDOWS\System32\Wbem;C:\WINDOWS\System32\WindowsPowerShell\v1.0\;C:\WINDOWS\System32\OpenSSH\;E:\vagrant\bin;E:\Node-JS\;F:\wechat_utils\dll;E:\110\DTS\Binn\;D:\110\Tools\Binn\;E:\110\Tools\Binn\;D:\Maven\apache-maven-3.3.9\bin;D:\Microsoft VS Code\bin;E:\Python\Scripts;E:\Python;;C:\Users\666\AppData\Local\Microsoft\WindowsApps;C:\Users\666\AppData\Roaming\npm
USERNAME=666
OS=Windows_NT
PROCESSOR_IDENTIFIER=Intel64 Family 6 Model 165 Stepping 3, GenuineIntel



---------------  S Y S T E M  ---------------

OS: Windows 10.0 , 64 bit Build 19041 (10.0.19041.1645)

CPU:total 12 (initial active 12) (6 cores per cpu, 2 threads per core) family 6 model 165 stepping 3, cmov, cx8, fxsr, mmx, sse, sse2, sse3, ssse3, sse4.1, sse4.2, popcnt, avx, avx2, aes, clmul, erms, 3dnowpref, lzcnt, ht, tsc, tscinvbit, bmi1, bmi2, adx

Memory: 4k page, physical 16591084k(816000k free), swap 23861652k(1916k free)

vm_info: Java HotSpot(TM) 64-Bit Server VM (25.131-b11) for windows-amd64 JRE (1.8.0_131-b11), built on Mar 15 2017 01:23:53 by "java_re" with MS VC++ 10.0 (VS2010)

time: Sun May 08 16:09:42 2022
elapsed time: 5 seconds (0d 0h 0m 5s)

